<?xml version="1.0" encoding="UTF-8"?>
<testng-results ignored="0" total="1" passed="1" failed="0" skipped="0">
  <reporter-output>
    <line>
      <![CDATA[Customer-00000009739      Customer-00000009739]]>
    </line>
  </reporter-output>
  <suite started-at="2024-08-11T16:50:22 IST" name="Surefire suite" finished-at="2024-08-11T16:51:20 IST" duration-ms="58469">
    <groups>
    </groups>
    <test started-at="2024-08-11T16:50:22 IST" name="Surefire test" finished-at="2024-08-11T16:51:20 IST" duration-ms="58469">
      <class name="driverFactory.AppTest">
        <test-method signature="kickStart()[pri:0, instance:driverFactory.AppTest@318ba8c8]" started-at="2024-08-11T16:50:22 IST" name="kickStart" finished-at="2024-08-11T16:51:20 IST" duration-ms="58437" status="PASS">
          <reporter-output>
            <line>
              <![CDATA[Customer-00000009739      Customer-00000009739]]>
            </line>
          </reporter-output>
        </test-method> <!-- kickStart -->
      </class> <!-- driverFactory.AppTest -->
    </test> <!-- Surefire test -->
  </suite> <!-- Surefire suite -->
</testng-results>
